<?xml version="1.0" encoding="UTF-8"?>
<!-- Generated by org.testng.reporters.JUnitReportReporter -->
<testsuite hostname="LAPTOP-EFC9O44O" failures="0" tests="1" name="testCases.TC_01Register" time="1.766" errors="0" timestamp="2025-03-25T12:05:24 IST" skipped="0">
  <testcase classname="testCases.TC_01Register" name="register" time="1.766"/>
</testsuite> <!-- testCases.TC_01Register -->
